<?xml version="1.0" encoding="UTF-8"?>
<coverage generated="1706127758276" clover="3.2.0">
  <project timestamp="1706127758276" name="All files">
    <metrics statements="40" coveredstatements="38" conditionals="16" coveredconditionals="13" methods="4" coveredmethods="4" elements="60" coveredelements="55" complexity="0" loc="40" ncloc="40" packages="1" files="1" classes="1"/>
    <file name="data.ts" path="/home/pineapplefan/Code/DVNT/Jinx/src/data.ts">
      <metrics statements="40" coveredstatements="38" conditionals="16" coveredconditionals="13" methods="4" coveredmethods="4"/>
      <line num="6" count="1" type="stmt"/>
      <line num="19" count="1" type="stmt"/>
      <line num="20" count="30" type="stmt"/>
      <line num="22" count="30" type="stmt"/>
      <line num="23" count="30" type="stmt"/>
      <line num="24" count="55" type="cond" truecount="1" falsecount="1"/>
      <line num="25" count="55" type="stmt"/>
      <line num="27" count="0" type="stmt"/>
      <line num="30" count="30" type="stmt"/>
      <line num="33" count="1" type="stmt"/>
      <line num="35" count="320" type="stmt"/>
      <line num="36" count="320" type="stmt"/>
      <line num="37" count="320" type="cond" truecount="2" falsecount="0"/>
      <line num="38" count="25" type="stmt"/>
      <line num="39" count="30" type="stmt"/>
      <line num="40" count="30" type="stmt"/>
      <line num="41" count="30" type="stmt"/>
      <line num="43" count="25" type="stmt"/>
      <line num="47" count="1" type="stmt"/>
      <line num="48" count="41" type="cond" truecount="2" falsecount="0"/>
      <line num="53" count="41" type="stmt"/>
      <line num="56" count="131" type="stmt"/>
      <line num="57" count="131" type="stmt"/>
      <line num="58" count="131" type="cond" truecount="2" falsecount="0"/>
      <line num="59" count="86" type="stmt"/>
      <line num="60" count="45" type="cond" truecount="2" falsecount="0"/>
      <line num="61" count="25" type="stmt"/>
      <line num="62" count="121" type="cond" truecount="2" falsecount="0"/>
      <line num="63" count="103" type="stmt"/>
      <line num="64" count="18" type="cond" truecount="1" falsecount="1"/>
      <line num="65" count="18" type="stmt"/>
      <line num="67" count="0" type="stmt"/>
      <line num="70" count="20" type="cond" truecount="1" falsecount="1"/>
      <line num="71" count="20" type="stmt"/>
      <line num="75" count="131" type="stmt"/>
      <line num="76" count="131" type="stmt"/>
      <line num="80" count="41" type="stmt"/>
      <line num="83" count="1" type="stmt"/>
      <line num="84" count="1" type="stmt"/>
      <line num="85" count="1" type="stmt"/>
    </file>
  </project>
</coverage>
