{"/home/pineapplefan/Code/DVNT/Jinx/src/data.ts": {"path":"/home/pineapplefan/Code/DVNT/Jinx/src/data.ts","statementMap":{"0":{"start":{"line":6,"column":23},"end":{"line":10,"column":1}},"1":{"start":{"line":19,"column":28},"end":{"line":31,"column":1}},"2":{"start":{"line":20,"column":17},"end":{"line":20,"column":31}},"3":{"start":{"line":22,"column":21},"end":{"line":22,"column":22}},"4":{"start":{"line":23,"column":4},"end":{"line":29,"column":5}},"5":{"start":{"line":24,"column":8},"end":{"line":28,"column":9}},"6":{"start":{"line":25,"column":12},"end":{"line":25,"column":31}},"7":{"start":{"line":27,"column":12},"end":{"line":27,"column":37}},"8":{"start":{"line":30,"column":4},"end":{"line":30,"column":17}},"9":{"start":{"line":33,"column":16},"end":{"line":44,"column":1}},"10":{"start":{"line":35,"column":18},"end":{"line":35,"column":30}},"11":{"start":{"line":36,"column":20},"end":{"line":36,"column":34}},"12":{"start":{"line":37,"column":4},"end":{"line":37,"column":27}},"13":{"start":{"line":37,"column":18},"end":{"line":37,"column":27}},"14":{"start":{"line":38,"column":4},"end":{"line":42,"column":5}},"15":{"start":{"line":39,"column":20},"end":{"line":39,"column":38}},"16":{"start":{"line":40,"column":22},"end":{"line":40,"column":49}},"17":{"start":{"line":41,"column":8},"end":{"line":41,"column":36}},"18":{"start":{"line":43,"column":4},"end":{"line":43,"column":13}},"19":{"start":{"line":47,"column":16},"end":{"line":81,"column":1}},"20":{"start":{"line":48,"column":4},"end":{"line":48,"column":29}},"21":{"start":{"line":53,"column":4},"end":{"line":77,"column":5}},"22":{"start":{"line":56,"column":23},"end":{"line":56,"column":44}},"23":{"start":{"line":57,"column":23},"end":{"line":57,"column":31}},"24":{"start":{"line":58,"column":8},"end":{"line":72,"column":9}},"25":{"start":{"line":59,"column":12},"end":{"line":59,"column":50}},"26":{"start":{"line":60,"column":15},"end":{"line":72,"column":9}},"27":{"start":{"line":61,"column":12},"end":{"line":69,"column":15}},"28":{"start":{"line":62,"column":16},"end":{"line":68,"column":17}},"29":{"start":{"line":63,"column":20},"end":{"line":63,"column":54}},"30":{"start":{"line":64,"column":23},"end":{"line":68,"column":17}},"31":{"start":{"line":65,"column":20},"end":{"line":65,"column":69}},"32":{"start":{"line":67,"column":20},"end":{"line":67,"column":35}},"33":{"start":{"line":70,"column":15},"end":{"line":72,"column":9}},"34":{"start":{"line":71,"column":12},"end":{"line":71,"column":66}},"35":{"start":{"line":75,"column":8},"end":{"line":75,"column":24}},"36":{"start":{"line":76,"column":8},"end":{"line":76,"column":31}},"37":{"start":{"line":80,"column":4},"end":{"line":80,"column":15}},"38":{"start":{"line":83,"column":18},"end":{"line":83,"column":46}},"39":{"start":{"line":84,"column":33},"end":{"line":84,"column":91}},"40":{"start":{"line":85,"column":19},"end":{"line":85,"column":49}}},"fnMap":{"0":{"name":"(anonymous_0)","decl":{"start":{"line":19,"column":28},"end":{"line":19,"column":29}},"loc":{"start":{"line":19,"column":62},"end":{"line":31,"column":1}},"line":19},"1":{"name":"(anonymous_1)","decl":{"start":{"line":33,"column":16},"end":{"line":33,"column":17}},"loc":{"start":{"line":33,"column":48},"end":{"line":44,"column":1}},"line":33},"2":{"name":"(anonymous_2)","decl":{"start":{"line":47,"column":16},"end":{"line":47,"column":17}},"loc":{"start":{"line":47,"column":63},"end":{"line":81,"column":1}},"line":47},"3":{"name":"(anonymous_3)","decl":{"start":{"line":61,"column":36},"end":{"line":61,"column":37}},"loc":{"start":{"line":61,"column":62},"end":{"line":69,"column":13}},"line":61}},"branchMap":{"0":{"loc":{"start":{"line":24,"column":8},"end":{"line":28,"column":9}},"type":"if","locations":[{"start":{"line":24,"column":8},"end":{"line":28,"column":9}},{"start":{"line":26,"column":15},"end":{"line":28,"column":9}}],"line":24},"1":{"loc":{"start":{"line":37,"column":4},"end":{"line":37,"column":27}},"type":"if","locations":[{"start":{"line":37,"column":4},"end":{"line":37,"column":27}},{"start":{},"end":{}}],"line":37},"2":{"loc":{"start":{"line":48,"column":14},"end":{"line":48,"column":28}},"type":"binary-expr","locations":[{"start":{"line":48,"column":14},"end":{"line":48,"column":21}},{"start":{"line":48,"column":25},"end":{"line":48,"column":28}}],"line":48},"3":{"loc":{"start":{"line":58,"column":8},"end":{"line":72,"column":9}},"type":"if","locations":[{"start":{"line":58,"column":8},"end":{"line":72,"column":9}},{"start":{"line":60,"column":15},"end":{"line":72,"column":9}}],"line":58},"4":{"loc":{"start":{"line":60,"column":15},"end":{"line":72,"column":9}},"type":"if","locations":[{"start":{"line":60,"column":15},"end":{"line":72,"column":9}},{"start":{"line":70,"column":15},"end":{"line":72,"column":9}}],"line":60},"5":{"loc":{"start":{"line":62,"column":16},"end":{"line":68,"column":17}},"type":"if","locations":[{"start":{"line":62,"column":16},"end":{"line":68,"column":17}},{"start":{"line":64,"column":23},"end":{"line":68,"column":17}}],"line":62},"6":{"loc":{"start":{"line":64,"column":23},"end":{"line":68,"column":17}},"type":"if","locations":[{"start":{"line":64,"column":23},"end":{"line":68,"column":17}},{"start":{"line":66,"column":23},"end":{"line":68,"column":17}}],"line":64},"7":{"loc":{"start":{"line":70,"column":15},"end":{"line":72,"column":9}},"type":"if","locations":[{"start":{"line":70,"column":15},"end":{"line":72,"column":9}},{"start":{},"end":{}}],"line":70}},"s":{"0":1,"1":1,"2":30,"3":30,"4":30,"5":55,"6":55,"7":0,"8":30,"9":1,"10":320,"11":320,"12":320,"13":295,"14":25,"15":30,"16":30,"17":30,"18":25,"19":1,"20":41,"21":41,"22":131,"23":131,"24":131,"25":86,"26":45,"27":25,"28":121,"29":103,"30":18,"31":18,"32":0,"33":20,"34":20,"35":131,"36":131,"37":41,"38":1,"39":1,"40":1},"f":{"0":30,"1":320,"2":41,"3":121},"b":{"0":[55,0],"1":[295,25],"2":[41,3],"3":[86,45],"4":[25,20],"5":[103,18],"6":[18,0],"7":[20,0]},"_coverageSchema":"1a1c01bbd47fc00a2c39e90264f33305004495a9","hash":"2e654a1f0bb3363557b9524ace1d080cb34494b2"}
}
