TN:
SF:src/data.ts
FN:19,(anonymous_0)
FN:33,(anonymous_1)
FN:47,(anonymous_2)
FN:61,(anonymous_3)
FNF:4
FNH:4
FNDA:30,(anonymous_0)
FNDA:320,(anonymous_1)
FNDA:41,(anonymous_2)
FNDA:121,(anonymous_3)
DA:6,1
DA:19,1
DA:20,30
DA:22,30
DA:23,30
DA:24,55
DA:25,55
DA:27,0
DA:30,30
DA:33,1
DA:35,320
DA:36,320
DA:37,320
DA:38,25
DA:39,30
DA:40,30
DA:41,30
DA:43,25
DA:47,1
DA:48,41
DA:53,41
DA:56,131
DA:57,131
DA:58,131
DA:59,86
DA:60,45
DA:61,25
DA:62,121
DA:63,103
DA:64,18
DA:65,18
DA:67,0
DA:70,20
DA:71,20
DA:75,131
DA:76,131
DA:80,41
DA:83,1
DA:84,1
DA:85,1
LF:40
LH:38
BRDA:24,0,0,55
BRDA:24,0,1,0
BRDA:37,1,0,295
BRDA:37,1,1,25
BRDA:48,2,0,41
BRDA:48,2,1,3
BRDA:58,3,0,86
BRDA:58,3,1,45
BRDA:60,4,0,25
BRDA:60,4,1,20
BRDA:62,5,0,103
BRDA:62,5,1,18
BRDA:64,6,0,18
BRDA:64,6,1,0
BRDA:70,7,0,20
BRDA:70,7,1,0
BRF:16
BRH:13
end_of_record
